<?xml version="1.0" encoding="UTF-8"?>
<testsuite name="Run on Chrome"
           tests="3"
           failures="0"
           errors="0"
           skipped="0"
           time="6.152">
  <properties />
  
  
            <testcase name="User_01_Register" time="3.648" classname="com.nopcommerce.user.Level_23_Fake_Data" />
                <testcase name="User_02_Login" time="1.607" classname="com.nopcommerce.user.Level_23_Fake_Data" />
                <testcase name="User_03_My_Account" time="0.897" classname="com.nopcommerce.user.Level_23_Fake_Data" />
      
</testsuite>
